<?xml version="1.0" encoding="UTF-8"?>
<!-- Generated by org.testng.reporters.JUnitXMLReporter -->
<testsuite hostname="Chandan" ignored="0" name="Smoke suite 1" tests="2" failures="1" timestamp="03 Mar 2020 11:37:20 GMT" time="28.064" errors="0">
  <testcase name="verifyUserNameTest" time="0.001" classname="com.crm.qa.testcases.HomePageTest">
    <failure type="java.lang.NullPointerException">
      <![CDATA[java.lang.NullPointerException
at com.crm.qa.pages.HomePage.verifyLoggedInUser(HomePage.java:26)
at com.crm.qa.testcases.HomePageTest.verifyUserNameTest(HomePageTest.java:49)
... Removed 29 stack frames]]>
    </failure>
  </testcase> <!-- verifyUserNameTest -->
  <testcase name="verifyHomePageTitleTest" time="0.01" classname="com.crm.qa.testcases.HomePageTest"/>
</testsuite> <!-- Smoke suite 1 -->
